[    0.000000] Initializing cgroup subsys cpuset
[    0.000000] Initializing cgroup subsys cpu
[    0.000000] Initializing cgroup subsys cpuacct
[    0.000000] Linux version 4.4.0-165-generic (buildd@lgw01-amd64-027) (gcc version 5.4.0 20160609 (Ubuntu 5.4.0-6ubuntu1~16.04.10) ) #193-Ubuntu SMP Tue Sep 17 17:42:52 UTC 2019 (Ubuntu 4.4.0-165.193-generic 4.4.189)
[    0.000000] Command line: BOOT_IMAGE=/boot/vmlinuz-4.4.0-165-generic root=LABEL=cloudimg-rootfs ro console=tty1 console=ttyS0
[    0.000000] KERNEL supported cpus:
[    0.000000]   Intel GenuineIntel
[    0.000000]   AMD AuthenticAMD
[    0.000000]   Centaur CentaurHauls
[    0.000000] x86/fpu: xstate_offset[2]:  576, xstate_sizes[2]:  256
[    0.000000] x86/fpu: Supporting XSAVE feature 0x01: 'x87 floating point registers'
[    0.000000] x86/fpu: Supporting XSAVE feature 0x02: 'SSE registers'
[    0.000000] x86/fpu: Supporting XSAVE feature 0x04: 'AVX registers'
[    0.000000] x86/fpu: Enabled xstate features 0x7, context size is 832 bytes, using 'standard' format.
[    0.000000] e820: BIOS-provided physical RAM map:
[    0.000000] BIOS-e820: [mem 0x0000000000000000-0x000000000009fbff] usable
[    0.000000] BIOS-e820: [mem 0x000000000009fc00-0x000000000009ffff] reserved
[    0.000000] BIOS-e820: [mem 0x00000000000f0000-0x00000000000fffff] reserved
[    0.000000] BIOS-e820: [mem 0x0000000000100000-0x000000003ffeffff] usable
[    0.000000] BIOS-e820: [mem 0x000000003fff0000-0x000000003fffffff] ACPI data
[    0.000000] BIOS-e820: [mem 0x00000000fec00000-0x00000000fec00fff] reserved
[    0.000000] BIOS-e820: [mem 0x00000000fee00000-0x00000000fee00fff] reserved
[    0.000000] BIOS-e820: [mem 0x00000000fffc0000-0x00000000ffffffff] reserved
[    0.000000] NX (Execute Disable) protection: active
[    0.000000] SMBIOS 2.5 present.
[    0.000000] Hypervisor detected: KVM
[    0.000000] Kernel/User page tables isolation: disabled
[    0.000000] e820: last_pfn = 0x3fff0 max_arch_pfn = 0x400000000
[    0.000000] MTRR: Disabled
[    0.000000] x86/PAT: MTRRs disabled, skipping PAT initialization too.
[    0.000000] CPU MTRRs all blank - virtualized system.
[    0.000000] x86/PAT: Configuration [0-7]: WB  WT  UC- UC  WB  WT  UC- UC  
[    0.000000] found SMP MP-table at [mem 0x0009fff0-0x0009ffff] mapped at [ffff88000009fff0]
[    0.000000] Scanning 1 areas for low memory corruption
[    0.000000] RAMDISK: [mem 0x362fa000-0x37174fff]
[    0.000000] ACPI: Early table checksum verification disabled
[    0.000000] ACPI: RSDP 0x00000000000E0000 000024 (v02 VBOX  )
[    0.000000] ACPI: XSDT 0x000000003FFF0030 00003C (v01 VBOX   VBOXXSDT 00000001 ASL  00000061)
[    0.000000] ACPI: FACP 0x000000003FFF00F0 0000F4 (v04 VBOX   VBOXFACP 00000001 ASL  00000061)
[    0.000000] ACPI: DSDT 0x000000003FFF0470 0022EA (v02 VBOX   VBOXBIOS 00000002 INTL 20100528)
[    0.000000] ACPI: FACS 0x000000003FFF0200 000040
[    0.000000] ACPI: FACS 0x000000003FFF0200 000040
[    0.000000] ACPI: APIC 0x000000003FFF0240 00005C (v02 VBOX   VBOXAPIC 00000001 ASL  00000061)
[    0.000000] ACPI: SSDT 0x000000003FFF02A0 0001CC (v01 VBOX   VBOXCPUT 00000002 INTL 20100528)
[    0.000000] No NUMA configuration found
[    0.000000] Faking a node at [mem 0x0000000000000000-0x000000003ffeffff]
[    0.000000] NODE_DATA(0) allocated [mem 0x3ffeb000-0x3ffeffff]
[    0.000000] kvm-clock: Using msrs 4b564d01 and 4b564d00
[    0.000000] kvm-clock: cpu 0, msr 0:3ffe3001, primary cpu clock
[    0.000000] kvm-clock: using sched offset of 3349702668 cycles
[    0.000000] clocksource: kvm-clock: mask: 0xffffffffffffffff max_cycles: 0x1cd42e4dffb, max_idle_ns: 881590591483 ns
[    0.000000] Zone ranges:
[    0.000000]   DMA      [mem 0x0000000000001000-0x0000000000ffffff]
[    0.000000]   DMA32    [mem 0x0000000001000000-0x000000003ffeffff]
[    0.000000]   Normal   empty
[    0.000000]   Device   empty
[    0.000000] Movable zone start for each node
[    0.000000] Early memory node ranges
[    0.000000]   node   0: [mem 0x0000000000001000-0x000000000009efff]
[    0.000000]   node   0: [mem 0x0000000000100000-0x000000003ffeffff]
[    0.000000] Initmem setup node 0 [mem 0x0000000000001000-0x000000003ffeffff]
[    0.000000] ACPI: PM-Timer IO Port: 0x4008
[    0.000000] IOAPIC[0]: apic_id 2, version 32, address 0xfec00000, GSI 0-23
[    0.000000] ACPI: INT_SRC_OVR (bus 0 bus_irq 0 global_irq 2 dfl dfl)
[    0.000000] ACPI: INT_SRC_OVR (bus 0 bus_irq 9 global_irq 9 low level)
[    0.000000] Using ACPI (MADT) for SMP configuration information
[    0.000000] smpboot: Allowing 2 CPUs, 0 hotplug CPUs
[    0.000000] PM: Registered nosave memory: [mem 0x00000000-0x00000fff]
[    0.000000] PM: Registered nosave memory: [mem 0x0009f000-0x0009ffff]
[    0.000000] PM: Registered nosave memory: [mem 0x000a0000-0x000effff]
[    0.000000] PM: Registered nosave memory: [mem 0x000f0000-0x000fffff]
[    0.000000] e820: [mem 0x40000000-0xfebfffff] available for PCI devices
[    0.000000] Booting paravirtualized kernel on KVM
[    0.000000] clocksource: refined-jiffies: mask: 0xffffffff max_cycles: 0xffffffff, max_idle_ns: 7645519600211568 ns
[    0.000000] setup_percpu: NR_CPUS:512 nr_cpumask_bits:512 nr_cpu_ids:2 nr_node_ids:1
[    0.000000] PERCPU: Embedded 34 pages/cpu @ffff88003fc00000 s99544 r8192 d31528 u1048576
[    0.000000] Built 1 zonelists in Node order, mobility grouping on.  Total pages: 257912
[    0.000000] Policy zone: DMA32
[    0.000000] Kernel command line: BOOT_IMAGE=/boot/vmlinuz-4.4.0-165-generic root=LABEL=cloudimg-rootfs ro console=tty1 console=ttyS0
[    0.000000] PID hash table entries: 4096 (order: 3, 32768 bytes)
[    0.000000] Memory: 997732K/1048120K available (8621K kernel code, 1335K rwdata, 4032K rodata, 1484K init, 1284K bss, 50388K reserved, 0K cma-reserved)
[    0.000000] SLUB: HWalign=64, Order=0-3, MinObjects=0, CPUs=2, Nodes=1
[    0.000000] Hierarchical RCU implementation.
[    0.000000] 	Build-time adjustment of leaf fanout to 64.
[    0.000000] 	RCU restricting CPUs from NR_CPUS=512 to nr_cpu_ids=2.
[    0.000000] RCU: Adjusting geometry for rcu_fanout_leaf=64, nr_cpu_ids=2
[    0.000000] NR_IRQS:33024 nr_irqs:440 16
[    0.000000] Console: colour VGA+ 80x25
[    0.000000] console [tty1] enabled
[    0.000000] console [ttyS0] enabled
[    0.000000] tsc: Detected 1992.002 MHz processor
[    0.114183] Calibrating delay loop (skipped) preset value.. 3984.00 BogoMIPS (lpj=7968008)
[    0.115377] pid_max: default: 32768 minimum: 301
[    0.116108] ACPI: Core revision 20150930
[    0.117293] ACPI: 2 ACPI AML tables successfully acquired and loaded
[    0.118516] Security Framework initialized
[    0.119153] Yama: becoming mindful.
[    0.119771] AppArmor: AppArmor initialized
[    0.120416] Dentry cache hash table entries: 131072 (order: 8, 1048576 bytes)
[    0.121482] Inode-cache hash table entries: 65536 (order: 7, 524288 bytes)
[    0.124771] Mount-cache hash table entries: 2048 (order: 2, 16384 bytes)
[    0.125657] Mountpoint-cache hash table entries: 2048 (order: 2, 16384 bytes)
[    0.126740] Initializing cgroup subsys io
[    0.127337] Initializing cgroup subsys memory
[    0.127997] Initializing cgroup subsys devices
[    0.128730] Initializing cgroup subsys freezer
[    0.129359] Initializing cgroup subsys net_cls
[    0.130257] Initializing cgroup subsys perf_event
[    0.130989] Initializing cgroup subsys net_prio
[    0.131708] Initializing cgroup subsys hugetlb
[    0.132359] Initializing cgroup subsys pids
[    0.134394] mce: CPU supports 0 MCE banks
[    0.135002] Last level iTLB entries: 4KB 64, 2MB 8, 4MB 8
[    0.135805] Last level dTLB entries: 4KB 64, 2MB 0, 4MB 0, 1GB 4
[    0.136713] Spectre V1 : Mitigation: usercopy/swapgs barriers and __user pointer sanitization
[    0.138015] Spectre V2 : Mitigation: Enhanced IBRS
[    0.138711] Spectre V2 : Spectre v2 / SpectreRSB mitigation: Filling RSB on context switch
[    0.139983] Speculative Store Bypass: Vulnerable
[    0.142683] Freeing SMP alternatives memory: 36K
[    0.147721] ftrace: allocating 32318 entries in 127 pages
[    0.183539] smpboot: APIC(0) Converting physical 0 to logical package 0
[    0.184420] smpboot: Max logical packages: 1
[    0.185218] x2apic enabled
[    0.185842] Switched APIC routing to physical x2apic.
[    0.187427] ..TIMER: vector=0x30 apic1=0 pin1=2 apic2=-1 pin2=-1
[    0.294428] smpboot: CPU0: Intel(R) Core(TM) i7-8565U CPU @ 1.80GHz (family: 0x6, model: 0x8e, stepping: 0xc)
[    0.296045] Performance Events: unsupported p6 CPU model 142 no PMU driver, software events only.
[    0.304367] KVM setup paravirtual spinlock
[    0.305433] x86: Booting SMP configuration:
[    0.306019] .... node  #0, CPUs:      #1
[    0.306842] kvm-clock: cpu 1, msr 0:3ffe3041, secondary cpu clock
[    0.308606] mce: CPU supports 0 MCE banks
[    0.311020] x86: Booted up 1 node, 2 CPUs
[    0.311787] smpboot: Total of 2 processors activated (7968.00 BogoMIPS)
[    0.313118] devtmpfs: initialized
[    0.315361] evm: security.selinux
[    0.315905] evm: security.SMACK64
[    0.316415] evm: security.SMACK64EXEC
[    0.316991] evm: security.SMACK64TRANSMUTE
[    0.317572] evm: security.SMACK64MMAP
[    0.318253] evm: security.ima
[    0.318858] evm: security.capability
[    0.319637] clocksource: jiffies: mask: 0xffffffff max_cycles: 0xffffffff, max_idle_ns: 7645041785100000 ns
[    0.321015] futex hash table entries: 512 (order: 3, 32768 bytes)
[    0.321963] pinctrl core: initialized pinctrl subsystem
[    0.322850] RTC time: 12:26:35, date: 10/12/19
[    0.325752] NET: Registered protocol family 16
[    0.343411] cpuidle: using governor ladder
[    0.355628] cpuidle: using governor menu
[    0.356332] PCCT header not found.
[    0.356941] ACPI: bus type PCI registered
[    0.357504] acpiphp: ACPI Hot Plug PCI Controller Driver version: 0.5
[    0.358525] PCI: Using configuration type 1 for base access
[    0.372522] ACPI: Added _OSI(Module Device)
[    0.373275] ACPI: Added _OSI(Processor Device)
[    0.373945] ACPI: Added _OSI(3.0 _SCP Extensions)
[    0.374953] ACPI: Added _OSI(Processor Aggregator Device)
[    0.376159] ACPI: Executed 1 blocks of module-level executable AML code
[    0.378380] ACPI: Interpreter enabled
[    0.379014] ACPI: (supports S0 S5)
[    0.379523] ACPI: Using IOAPIC for interrupt routing
[    0.380303] PCI: Using host bridge windows from ACPI; if necessary, use "pci=nocrs" and report a bug
[    0.383779] ACPI: PCI Root Bridge [PCI0] (domain 0000 [bus 00-ff])
[    0.384550] acpi PNP0A03:00: _OSC: OS supports [ASPM ClockPM Segments MSI]
[    0.385747] acpi PNP0A03:00: _OSC: not requesting OS control; OS requires [ExtendedConfig ASPM ClockPM MSI]
[    0.387152] acpi PNP0A03:00: fail to add MMCONFIG information, can't access extended PCI configuration space under this bridge.
[    0.388791] PCI host bridge to bus 0000:00
[    0.389382] pci_bus 0000:00: root bus resource [io  0x0000-0x0cf7 window]
[    0.390278] pci_bus 0000:00: root bus resource [io  0x0d00-0xffff window]
[    0.391182] pci_bus 0000:00: root bus resource [mem 0x000a0000-0x000bffff window]
[    0.392235] pci_bus 0000:00: root bus resource [mem 0x40000000-0xfdffffff window]
[    0.393318] pci_bus 0000:00: root bus resource [bus 00-ff]
[    0.395228] pci 0000:00:01.1: legacy IDE quirk: reg 0x10: [io  0x01f0-0x01f7]
[    0.396171] pci 0000:00:01.1: legacy IDE quirk: reg 0x14: [io  0x03f6]
[    0.397095] pci 0000:00:01.1: legacy IDE quirk: reg 0x18: [io  0x0170-0x0177]
[    0.398128] pci 0000:00:01.1: legacy IDE quirk: reg 0x1c: [io  0x0376]
[    0.408833] pci 0000:00:07.0: quirk: [io  0x4000-0x403f] claimed by PIIX4 ACPI
[    0.416613] pci 0000:00:07.0: quirk: [io  0x4100-0x410f] claimed by PIIX4 SMB
[    0.423430] ACPI: PCI Interrupt Link [LNKA] (IRQs 5 9 10 *11)
[    0.424918] ACPI: PCI Interrupt Link [LNKB] (IRQs 5 9 *10 11)
[    0.426331] ACPI: PCI Interrupt Link [LNKC] (IRQs 5 *9 10 11)
[    0.427574] ACPI: PCI Interrupt Link [LNKD] (IRQs 5 9 10 *11)
[    0.428985] ACPI: Enabled 2 GPEs in block 00 to 07
[    0.430066] vgaarb: setting as boot device: PCI:0000:00:02.0
[    0.430843] vgaarb: device added: PCI:0000:00:02.0,decodes=io+mem,owns=io+mem,locks=none
[    0.431918] vgaarb: loaded
[    0.432366] vgaarb: bridge control possible 0000:00:02.0
[    0.433273] SCSI subsystem initialized
[    0.434222] ACPI: bus type USB registered
[    0.434931] usbcore: registered new interface driver usbfs
[    0.435643] usbcore: registered new interface driver hub
[    0.436323] usbcore: registered new device driver usb
[    0.438133] PCI: Using ACPI for IRQ routing
[    0.438986] NetLabel: Initializing
[    0.439503] NetLabel:  domain hash size = 128
[    0.440103] NetLabel:  protocols = UNLABELED CIPSOv4
[    0.440837] NetLabel:  unlabeled traffic allowed by default
[    0.441739] amd_nb: Cannot enumerate AMD northbridges
[    0.442470] clocksource: Switched to clocksource kvm-clock
[    0.451194] AppArmor: AppArmor Filesystem Enabled
[    0.451885] pnp: PnP ACPI init
[    0.452971] pnp: PnP ACPI: found 3 devices
[    0.463109] clocksource: acpi_pm: mask: 0xffffff max_cycles: 0xffffff, max_idle_ns: 2085701024 ns
[    0.464273] NET: Registered protocol family 2
[    0.465031] TCP established hash table entries: 8192 (order: 4, 65536 bytes)
[    0.465928] TCP bind hash table entries: 8192 (order: 5, 131072 bytes)
[    0.466783] TCP: Hash tables configured (established 8192 bind 8192)
[    0.467650] UDP hash table entries: 512 (order: 2, 16384 bytes)
[    0.468410] UDP-Lite hash table entries: 512 (order: 2, 16384 bytes)
[    0.469216] NET: Registered protocol family 1
[    0.469852] pci 0000:00:00.0: Limiting direct PCI/PCI transfers
[    0.470725] pci 0000:00:01.0: Activating ISA DMA hang workarounds
[    0.473731] Unpacking initramfs...
[    0.675067] Freeing initrd memory: 14828K
[    0.675754] clocksource: tsc: mask: 0xffffffffffffffff max_cycles: 0x396d566cf43, max_idle_ns: 881590760263 ns
[    0.677239] platform rtc_cmos: registered platform RTC device (no PNP device found)
[    0.678288] Scanning for low memory corruption every 60 seconds
[    0.679643] audit: initializing netlink subsys (disabled)
[    0.680375] audit: type=2000 audit(1570883200.816:1): initialized
[    0.681463] Initialise system trusted keyring
[    0.682561] HugeTLB registered 2 MB page size, pre-allocated 0 pages
[    0.684199] zbud: loaded
[    0.684897] VFS: Disk quotas dquot_6.6.0
[    0.685553] VFS: Dquot-cache hash table entries: 512 (order 0, 4096 bytes)
[    0.686616] squashfs: version 4.0 (2009/01/31) Phillip Lougher
[    0.687717] fuse init (API version 7.23)
[    0.688438] Key type big_key registered
[    0.689008] Allocating IMA MOK and blacklist keyrings.
[    0.692715] Key type asymmetric registered
[    0.693261] Asymmetric key parser 'x509' registered
[    0.693940] Block layer SCSI generic (bsg) driver version 0.4 loaded (major 249)
[    0.695192] io scheduler noop registered
[    0.695811] io scheduler deadline registered (default)
[    0.696620] io scheduler cfq registered
[    0.697244] pci_hotplug: PCI Hot Plug PCI Core version: 0.5
[    0.697974] pciehp: PCI Express Hot Plug Controller Driver version: 0.4
[    0.699076] ACPI: AC Adapter [AC] (on-line)
[    0.699709] input: Power Button as /devices/LNXSYSTM:00/LNXPWRBN:00/input/input0
[    0.700704] ACPI: Power Button [PWRF]
[    0.701280] input: Sleep Button as /devices/LNXSYSTM:00/LNXSLPBN:00/input/input1
[    0.702292] ACPI: Sleep Button [SLPF]
[    0.703101] GHES: HEST is not enabled!
[    0.703560] ACPI: Battery Slot [BAT0] (battery present)
[    0.704527] Serial: 8250/16550 driver, 32 ports, IRQ sharing enabled
[    0.737435] 00:02: ttyS0 at I/O 0x3f8 (irq = 4, base_baud = 115200) is a 16550A
[    0.741280] Linux agpgart interface v0.103
[    0.742939] loop: module loaded
[    0.743733] scsi host0: ata_piix
[    0.744260] scsi host1: ata_piix
[    0.744725] ata1: PATA max UDMA/33 cmd 0x1f0 ctl 0x3f6 bmdma 0xd000 irq 14
[    0.745518] ata2: PATA max UDMA/33 cmd 0x170 ctl 0x376 bmdma 0xd008 irq 15
[    0.746571] libphy: Fixed MDIO Bus: probed
[    0.747175] tun: Universal TUN/TAP device driver, 1.6
[    0.747780] tun: (C) 1999-2004 Max Krasnyansky <maxk@qualcomm.com>
[    0.748520] PPP generic driver version 2.4.2
[    0.749144] ehci_hcd: USB 2.0 'Enhanced' Host Controller (EHCI) Driver
[    0.749939] ehci-pci: EHCI PCI platform driver
[    0.750496] ehci-platform: EHCI generic platform driver
[    0.751197] ohci_hcd: USB 1.1 'Open' Host Controller (OHCI) Driver
[    0.751972] ohci-pci: OHCI PCI platform driver
[    0.752525] ohci-platform: OHCI generic platform driver
[    0.753147] uhci_hcd: USB Universal Host Controller Interface driver
[    0.753898] i8042: PNP: PS/2 Controller [PNP0303:PS2K,PNP0f03:PS2M] at 0x60,0x64 irq 1,12
[    0.755251] serio: i8042 KBD port at 0x60,0x64 irq 1
[    0.755847] serio: i8042 AUX port at 0x60,0x64 irq 12
[    0.756592] mousedev: PS/2 mouse device common for all mice
[    0.757488] input: AT Translated Set 2 keyboard as /devices/platform/i8042/serio0/input/input2
[    0.758862] rtc_cmos rtc_cmos: rtc core: registered rtc_cmos as rtc0
[    0.759616] rtc_cmos rtc_cmos: alarms up to one day, 114 bytes nvram
[    0.760327] i2c /dev entries driver
[    0.760890] device-mapper: uevent: version 1.0.3
[    0.761515] device-mapper: ioctl: 4.34.0-ioctl (2015-10-28) initialised: dm-devel@redhat.com
[    0.762605] ledtrig-cpu: registered to indicate activity on CPUs
[    0.763560] NET: Registered protocol family 10
[    0.764237] NET: Registered protocol family 17
[    0.764834] Key type dns_resolver registered
[    0.765606] registered taskstats version 1
[    0.766139] Loading compiled-in X.509 certificates
[    0.767177] Loaded X.509 cert 'Build time autogenerated kernel key: 0ed82eac04367aa6426493b1389455ebf6830eaa'
[    0.768338] zswap: loaded using pool lzo/zbud
[    0.769897] Key type trusted registered
[    0.772431] Key type encrypted registered
[    0.772962] AppArmor: AppArmor sha1 policy hashing enabled
[    0.773649] ima: No TPM chip found, activating TPM-bypass!
[    0.774341] ima: Allocated hash algorithm: sha1
[    0.774981] evm: HMAC attrs: 0x1
[    0.775652]   Magic number: 7:572:430
[    0.776202] rtc_cmos rtc_cmos: setting system clock to 2019-10-12 12:26:36 UTC (1570883196)
[    0.777346] BIOS EDD facility v0.16 2004-Jun-25, 0 devices found
[    0.778045] EDD information not available.
[    0.908374] Freeing unused kernel memory: 1484K
[    0.911750] Write protecting the kernel read-only data: 14336k
[    0.917646] Freeing unused kernel memory: 1608K
[    0.921731] Freeing unused kernel memory: 64K
Loading, please wait...
starting version 229
[    0.942939] random: systemd-udevd: uninitialized urandom read (16 bytes read, 1 bits of entropy available)
[    0.943513] random: udevadm: uninitialized urandom read (16 bytes read, 1 bits of entropy available)
[    0.943530] random: udevadm: uninitialized urandom read (16 bytes read, 1 bits of entropy available)
[    0.948812] random: systemd-udevd: uninitialized urandom read (16 bytes read, 1 bits of entropy available)
[    0.949587] random: udevadm: uninitialized urandom read (16 bytes read, 1 bits of entropy available)
[    0.949626] random: udevadm: uninitialized urandom read (16 bytes read, 1 bits of entropy available)
[    0.949753] random: udevadm: uninitialized urandom read (16 bytes read, 1 bits of entropy available)
[    0.949799] random: udevadm: uninitialized urandom read (16 bytes read, 1 bits of entropy available)
[    0.949846] random: udevadm: uninitialized urandom read (16 bytes read, 1 bits of entropy available)
[    0.949893] random: udevadm: uninitialized urandom read (16 bytes read, 1 bits of entropy available)
[    0.986304] Fusion MPT base driver 3.04.20
[    0.987152] Copyright (c) 1999-2008 LSI Corporation
[    0.988893] e1000: Intel(R) PRO/1000 Network Driver - version 7.3.21-k8-NAPI
[    0.990099] e1000: Copyright (c) 1999-2006 Intel Corporation.
[    1.022448] AVX2 version of gcm_enc/dec engaged.
[    1.023294] AES CTR mode by8 optimization enabled
[    1.026924] Fusion MPT SPI Host driver 3.04.20
[    1.220127] input: ImExPS/2 Generic Explorer Mouse as /devices/platform/i8042/serio1/input/input4
[    1.333483] e1000 0000:00:03.0 eth0: (PCI:33MHz:32-bit) 02:0e:9b:2d:5b:92
[    1.334479] e1000 0000:00:03.0 eth0: Intel(R) PRO/1000 Network Connection
[    1.336316] mptbase: ioc0: Initiating bringup
[    1.619681] ioc0: LSI53C1030 A0: Capabilities={Initiator}
[    2.638408] scsi host2: ioc0: LSI53C1030 A0, FwRev=00000000h, Ports=1, MaxQ=256, IRQ=20
[    3.059725] scsi 2:0:0:0: Direct-Access     VBOX     HARDDISK         1.0  PQ: 0 ANSI: 5
[    3.063581] scsi target2:0:0: Beginning Domain Validation
[    3.067089] scsi target2:0:0: Domain Validation skipping write tests
[    3.067955] scsi target2:0:0: Ending Domain Validation
[    3.068756] scsi target2:0:0: asynchronous
[    3.070270] scsi 2:0:1:0: Direct-Access     VBOX     HARDDISK         1.0  PQ: 0 ANSI: 5
[    3.071711] scsi target2:0:1: Beginning Domain Validation
[    3.074421] scsi target2:0:1: Domain Validation skipping write tests
[    3.075439] scsi target2:0:1: Ending Domain Validation
[    3.076264] scsi target2:0:1: asynchronous
[    3.082339] sd 2:0:0:0: Attached scsi generic sg0 type 0
[    3.083208] sd 2:0:0:0: [sda] 20971520 512-byte logical blocks: (10.7 GB/10.0 GiB)
[    3.087656] sd 2:0:1:0: Attached scsi generic sg1 type 0
[    3.087890] sd 2:0:1:0: [sdb] 20480 512-byte logical blocks: (10.5 MB/10.0 MiB)
[    3.088309] sd 2:0:1:0: [sdb] Write Protect is off
[    3.088593] sd 2:0:1:0: [sdb] Incomplete mode parameter data
[    3.088594] sd 2:0:1:0: [sdb] Assuming drive cache: write through
[    3.096556] sd 2:0:0:0: [sda] Write Protect is off
[    3.097549] sd 2:0:0:0: [sda] Incomplete mode parameter data
[    3.098634] sd 2:0:0:0: [sda] Assuming drive cache: write through
[    3.107362] sd 2:0:1:0: [sdb] Attached SCSI disk
[    3.111417]  sda: sda1
[    3.113162] sd 2:0:0:0: [sda] Attached SCSI disk
[    3.410087] e1000 0000:00:08.0 eth1: (PCI:33MHz:32-bit) 08:00:27:34:72:01
[    3.410999] e1000 0000:00:08.0 eth1: Intel(R) PRO/1000 Network Connection
[    3.412491] e1000 0000:00:08.0 enp0s8: renamed from eth1
[    3.423214] e1000 0000:00:03.0 enp0s3: renamed from eth0
Begin: Loading essential drivers ... [    4.656555] md: linear personality registered for level -1
[    4.658968] md: multipath personality registered for level -4
[    4.661231] md: raid0 personality registered for level 0
[    4.664348] md: raid1 personality registered for level 1
[    4.734554] raid6: sse2x1   gen() 13268 MB/s
[    4.802916] raid6: sse2x1   xor()  8979 MB/s
[    4.870723] raid6: sse2x2   gen() 15872 MB/s
[    4.938533] raid6: sse2x2   xor() 11555 MB/s
[    5.006911] raid6: sse2x4   gen() 20112 MB/s
[    5.074746] raid6: sse2x4   xor() 12324 MB/s
[    5.142600] raid6: avx2x1   gen() 26124 MB/s
[    5.210478] raid6: avx2x2   gen() 33041 MB/s
[    5.278728] raid6: avx2x4   gen() 36196 MB/s
[    5.279474] raid6: using algorithm avx2x4 gen() 36196 MB/s
[    5.280234] raid6: using avx2x2 recovery algorithm
[    5.281930] xor: automatically using best checksumming function:
[    5.323139]    avx       : 31818.000 MB/sec
[    5.326206] async_tx: api initialized (async)
[    5.338523] md: raid6 personality registered for level 6
[    5.339881] md: raid5 personality registered for level 5
[    5.340851] md: raid4 personality registered for level 4
[    5.348739] md: raid10 personality registered for level 10
done.
Begin: Running /scripts/init-premount ... done.
Begin: Mounting root file system ... Begin: Running /scripts/local-top ... done.
Begin: Running /scripts/local-premount ... [    5.372979] Btrfs loaded
Scanning for Btrfs filesystems
done.
Warning: fsck not present, so skipping root file system
[    5.399688] EXT4-fs (sda1): mounted filesystem with ordered data mode. Opts: (null)
done.
Begin: Running /scripts/local-bottom ... done.
Begin: Running /scripts/init-bottom ... done.
[    5.516979] systemd[1]: systemd 229 running in system mode. (+PAM +AUDIT +SELINUX +IMA +APPARMOR +SMACK +SYSVINIT +UTMP +LIBCRYPTSETUP +GCRYPT +GNUTLS +ACL +XZ -LZ4 +SECCOMP +BLKID +ELFUTILS +KMOD -IDN)
[    5.519198] systemd[1]: Detected virtualization oracle.
[    5.519895] systemd[1]: Detected architecture x86-64.

Welcome to [1mUbuntu 16.04.6 LTS[0m!

[    5.522553] systemd[1]: Set hostname to <ubuntu-xenial>.
[    5.666408] systemd[1]: Listening on udev Kernel Socket.
[[0;32m  OK  [0m] Listening on udev Kernel Socket.
[    5.667861] systemd[1]: Created slice User and Session Slice.
[[0;32m  OK  [0m] Created slice User and Session Slice.
[    5.669149] systemd[1]: Started Trigger resolvconf update for networkd DNS.
[[0;32m  OK  [0m] Started Trigger resolvconf update for networkd DNS.
[    5.670633] systemd[1]: Listening on Journal Audit Socket.
[[0;32m  OK  [0m] Listening on Journal Audit Socket.
[    5.671953] systemd[1]: Reached target User and Group Name Lookups.
[[0;32m  OK  [0m] Reached target User and Group Name Lookups.
[    5.673340] systemd[1]: Listening on /dev/initctl Compatibility Named Pipe.
[[0;32m  OK  [0m] Listening on /dev/initctl Compatibility Named Pipe.
[    5.674856] systemd[1]: Listening on LVM2 metadata daemon socket.
[[0;32m  OK  [0m] Listening on LVM2 metadata daemon socket.
[    5.676177] systemd[1]: Listening on Journal Socket (/dev/log).
[[0;32m  OK  [0m] Listening on Journal Socket (/dev/log).
[    5.683394] systemd[1]: Listening on udev Control Socket.
[[0;32m  OK  [0m] Listening on udev Control Socket.
[    5.689064] systemd[1]: Listening on LVM2 poll daemon socket.
[[0;32m  OK  [0m] Listening on LVM2 poll daemon socket.
[    5.699039] systemd[1]: Reached target Encrypted Volumes.
[[0;32m  OK  [0m] Reached target Encrypted Volumes.
[    5.710948] systemd[1]: Reached target System Time Synchronized.
[[0;32m  OK  [0m] Reached target System Time Synchronized.
[    5.716227] systemd[1]: Reached target Swap.
[[0;32m  OK  [0m] Reached target Swap.
[    5.719653] systemd[1]: Listening on Device-mapper event daemon FIFOs.
[[0;32m  OK  [0m] Listening on Device-mapper event daemon FIFOs.
[    5.731388] systemd[1]: Started Forward Password Requests to Wall Directory Watch.
[[0;32m  OK  [0m] Started Forward Password Requests to Wall Directory Watch.
[    5.734828] systemd[1]: Set up automount Arbitrary Executable File Formats File System Automount Point.
[[0;32m  OK  [0m] Set up automount Arbitrary Executab...ats File System Automount Point.
[    5.738294] systemd[1]: Created slice System Slice.
[[0;32m  OK  [0m] Created slice System Slice.
[    5.747792] systemd[1]: Created slice system-serial\x2dgetty.slice.
[[0;32m  OK  [0m] Created slice system-serial\x2dgetty.slice.
[    5.749753] systemd[1]: Reached target Slices.
[[0;32m  OK  [0m] Reached target Slices.
[    5.751296] systemd[1]: Listening on Journal Socket.
[[0;32m  OK  [0m] Listening on Journal Socket.
[    5.771338] systemd[1]: Mounting Debug File System...
         Mounting Debug File System...
[    5.775619] systemd[1]: Starting Load Kernel Modules...
         Starting Load Kernel Modules...
[    5.783333] Loading iSCSI transport class v2.0-870.
[    5.783469] systemd[1]: Starting Uncomplicated firewall...
         Starting Uncomplicated firewall...
[    5.787155] systemd[1]: Starting Monitoring of LVM2 mirrors, snapshots etc. using dmeventd or progress polling...
         Starting Monitoring of LVM2 mirrors... dmeventd or progress polling...
[    5.793752] systemd[1]: Starting Remount Root and Kernel File Systems...
         Starting Remount Root and Kernel File Systems...
[    5.798077] iscsi: registered transport (tcp)
[    5.798974] EXT4-fs (sda1): re-mounted. Opts: (null)
[    5.803268] systemd[1]: Starting Nameserver information manager...
         Starting Nameserver information manager...
[    5.806228] systemd[1]: Starting Set console keymap...
         Starting Set console keymap...
[    5.808891] systemd[1]: Mounting Huge Pages File System...
         Mounting Huge Pages File System...
[    5.810702] systemd[1]: Mounting POSIX Message Queue File System...
         Mounting POSIX Message Queue File System...
[    5.814583] systemd[1]: Starting Create list of required static device nodes for the current kernel...
         Starting Create list of required st... nodes for the current kernel...
[    5.819825] systemd[1]: Listening on Syslog Socket.
[[0;32m  OK  [0m] Listening on Syslog Socket.
[    5.823068] systemd[1]: Starting Journal Service...
         Starting Journal Service...
[    5.825366] systemd[1]: Mounted POSIX Message Queue File System.
[[0;32m  OK  [0m] Mounted POSIX Message Queue File System.
[    5.835012] systemd[1]: Mounted Debug File System.
[[0;32m  OK  [0m] Mounted Debug File System.
[    5.836506] systemd[1]: Mounted Huge Pages File System.
[[0;32m  OK  [0m] Mounted Huge Pages File System.
[    5.838636] systemd[1]: Started Uncomplicated firewall.
[[0;32m  OK  [0m] Started Uncomplicated firewall.
[    5.844479] systemd[1]: Started Remount Root and Kernel File Systems.
[[0;32m  OK  [0m] Started Remount Root and Kernel File Systems.
[    5.847235] systemd[1]: Started Set console keymap.
[[0;32m  OK  [0m] Started Set console keymap.
[    5.850838] systemd[1]: Started Create list of required static device nodes for the current kernel.
[    5.855292] iscsi: registered transport (iser)
[[0;32m  OK  [0m] Started Create list of required sta...ce nodes for the current kernel.
[    5.856905] systemd[1]: Started Nameserver information manager.
[[0;32m  OK  [0m] Started Nameserver information manager.
[    5.859006] systemd[1]: Started Load Kernel Modules.
[[0;32m  OK  [0m] Started Load Kernel Modules.
[    5.867705] systemd[1]: Started Journal Service.
[[0;32m  OK  [0m] Started Journal Service.
[[0;32m  OK  [0m] Started LVM2 metadata daemon.
         Mounting FUSE Control File System...
         Starting Apply Kernel Variables...
         Starting Create Static Device Nodes in /dev...
         Starting Flush Journal to Persistent Storage...
         Starting Load/Save Random Seed...
         Starting udev Coldplug all Devices...
[[0;32m  OK  [0m] Mounted FUSE Control File System.
[[0;32m  OK  [0m] Started Apply Kernel Variables.
[[0;32m  OK  [0m] Started Load/Save Random Seed.
[[0;32m  OK  [0m] Started Create Static Device Nodes in /dev.
[[0;32m  OK  [0m] Started udev Coldplug all Devices.
[[0;32m  OK  [0m] Started Flush Journal to Persistent Storage.
         Starting udev Kernel Device Manager...
[[0;32m  OK  [0m] Started udev Kernel Device Manager.
[[0;32m  OK  [0m] Started Dispatch Password Requests to Console Directory Watch.
[[0;32m  OK  [0m] Found device /dev/ttyS0.
[[0;32m  OK  [0m] Listening on Load/Save RF Kill Switch Status /dev/rfkill Watch.
[[0;32m  OK  [0m] Started Monitoring of LVM2 mirrors,...ng dmeventd or progress polling.
[[0;32m  OK  [0m] Found device 82540EM Gigabit Ethern...r (PRO/1000 MT Desktop Adapter).
[[0;32m  OK  [0m] Reached target Local File Systems (Pre).
[[0;32m  OK  [0m] Reached target Local File Systems.
         Starting Initial cloud-init job (pre-networking)...
         Starting Tell Plymouth To Write Out Runtime Data...
         Starting LSB: AppArmor initialization...
         Starting Create Volatile Files and Directories...
         Starting Set console font and keymap...
[[0;32m  OK  [0m] Started Tell Plymouth To Write Out Runtime Data.
[[0;32m  OK  [0m] Started Create Volatile Files and Directories.
         Starting Update UTMP about System Boot/Shutdown...
[[0;32m  OK  [0m] Started Update UTMP about System Boot/Shutdown.
[[0;32m  OK  [0m] Started LSB: AppArmor initialization.
[[0;32m  OK  [0m] Started Set console font and keymap.
[[0;32m  OK  [0m] Created slice system-getty.slice.
[    6.932168] cloud-init[624]: Cloud-init v. 19.2-36-g059d049c-0ubuntu1~16.04.1 running 'init-local' at Sat, 12 Oct 2019 12:26:42 +0000. Up 6.73 seconds.
[[0;32m  OK  [0m] Started Initial cloud-init job (pre-networking).
[[0;32m  OK  [0m] Reached target Network (Pre).
[[0;32m  OK  [0m] Started ifup for enp0s3.
         Starting Raise network interfaces...
[[0;32m  OK  [0m] Started Raise network interfaces.
         Starting Initial cloud-init job (metadata service crawler)...
[[0;32m  OK  [0m] Reached target Network.
[    7.470003] cloud-init[992]: Cloud-init v. 19.2-36-g059d049c-0ubuntu1~16.04.1 running 'init' at Sat, 12 Oct 2019 12:26:43 +0000. Up 7.28 seconds.
[    7.471217] cloud-init[992]: ci-info: ++++++++++++++++++++++++++++++++++++++Net device info++++++++++++++++++++++++++++++++++++++
[    7.480681] cloud-init[992]: ci-info: +--------+-------+---------------------------+---------------+--------+-------------------+
[    7.488437] cloud-init[992]: ci-info: | Device |   Up  |          Address          |      Mask     | Scope  |     Hw-Address    |
[    7.500615] [cloud-init[0;32m  OK  [0m[992]: ] Started Initial cloud-init job (metadata service crawler).
ci-info: +--------+-------+---------------------------+---------------+--------+-------------------+
[    7.502311] [[0;32m  OK  [0m] Reached target Network is Online.
cloud-init[992]: ci-info: | enp0s3 |  True |         10.0.2.15         | 255.255.255.0 | global | 02:0e:9b:2d:5b:92 |
[    7.503619] cloud-init[992]: ci-info: | enp0s3 |  True | fe80::e:9bff:fe2d:5b92/64 |       .       |  link  | 02:0e:9b:2d:5b:92 |
         Starting iSCSI initiator daemon (iscsid)...
[[0;32m  OK  [0m] Reached target System Initialization.
         Starting Socket activation for snappy daemon.
[    7.512866] cloud-init[992]: ci-info: | enp0s8 | False |             .             |       .       |   .    | 08:00:27:34:72:01 |
[    7.528273] cloud-init[992]: ci-info: |   lo   |  True |         127.0.0.1         |   255.0.0.0   |  host  |         .         |
[[    7.528439] [0;32m  OK  [0mcloud-init] [992]: Listening on UUID daemon activation socket.ci-info: |   lo   |  True |          ::1/128          |       .       |  host  |         .         |

[    7.528472] cloud-init[992]: ci-info: +--------+-------+---------------------------+---------------+--------+-------------------+
[    7.536248] cloud-init         [992]: Starting LXD - unix socket.ci-info: +++++++++++++++++++++++++++Route IPv4 info++++++++++++++++++++++++++++

[    7.536483] cloud-init[992]: ci-info: +-------+-------------+----------+---------------+-----------+-------+
[    7.552689] cloud-init[992]: ci-info: | Route | Destination | Gateway  |    Genmask    | Interface | Flags |
[    7.552878] cloud-init[992]: ci-info: +-------+-------------+----------+---------------+-----------+-------+
[[0;32m  OK  [0m] Started Daily apt download activities.
[    7.552918] cloud-init[992]: ci-info: |   0   |   0.0.0.0   | 10.0.2.2 |    0.0.0.0    |   enp0s3  |   UG  |
[    7.552995] cloud-init[992]: ci-info: |   1   |   10.0.2.0  | 0.0.0.0  | 255.255.255.0 |   enp0s3  |   U   |
[    7.555568] cloud-init[992]: ci-info: +-------+-------------+----------+---------------+-----------+-------+
[    7.555608] cloud-init[992]: ci-info: +++++++++++++++++++Route IPv6 info+++++++++++++++++++
[    7.555669] cloud-init[992]: ci-info: +-------+-------------+---------+-----------+-------+
[    7.555742] cloud-init[992]: ci-info: | Route | Destination | Gateway | Interface | Flags |
[    7.555804] cloud-init[992]: ci-info: +-------+-------------+---------+-----------+-------+
[    7.555869] cloud-init[992]: ci-info: |   0   |  fe80::/64  |    ::   |   enp0s3  |   U   |
[[0;32m  OK  [0m] Started Daily apt upgrade and clean activities.
[    7.555944] cloud-init[992]: ci-info: |   3   |   ff00::/8  |    ::   |   enp0s3  |   U   |
[    7.560178] cloud-init[992]: ci-info: +-------+-------------+---------+-----------+-------+
[[0;32m  OK  [0m] Listening on D-Bus System Message Bus Socket.
[[0;32m  OK  [0m] Started Daily Cleanup of Temporary Directories.
[[0;32m  OK  [0m] Reached target Timers.
[[0;32m  OK  [0m] Started ACPI Events Check.
[[0;32m  OK  [0m] Reached target Paths.
[[0;32m  OK  [0m] Listening on ACPID Listen Socket.
[[0;32m  OK  [0m] Reached target Cloud-config availability.
[[0;32m  OK  [0m] Listening on Socket activation for snappy daemon.
[[0;32m  OK  [0m] Listening on LXD - unix socket.
[[0;32m  OK  [0m] Started iSCSI initiator daemon (iscsid).
         Starting Login to default iSCSI targets...
[[0;32m  OK  [0m] Reached target Sockets.
[[0;32m  OK  [0m] Reached target Basic System.
         Starting LSB: MD monitoring daemon...
         Starting Accounts Service...
[[0;32m  OK  [0m] Started Deferred execution scheduler.
[[0;32m  OK  [0m] Started Regular background program processing daemon.
         Starting Virtualbox guest utils...
         Starting Snappy daemon...
[[0;32m  OK  [0m] Started ACPI event daemon.
         Starting Login Service...
[[0;32m  OK  [0m] Started FUSE filesystem for LXC.
         Starting /etc/rc.local Compatibility...
[[0;32m  OK  [0m] Started D-Bus System Message Bus.
         Starting System Logging Service...
         Starting LXD - container startup/shutdown...
         Starting OpenBSD Secure Shell server...
         Starting LSB: Record successful boot for GRUB...
[[0;32m  OK  [0m] Started /etc/rc.local Compatibility.
[[0;32m  OK  [0m] Started System Logging Service.
[[0;32m  OK  [0m] Started Login to default iSCSI targets.
[[0;32m  OK  [0m] Started LSB: MD monitoring daemon.
[[0;32m  OK  [0m] Started OpenBSD Secure Shell server.
[[0;32m  OK  [0m] Started LSB: Record successful boot for GRUB.
[[0;32m  OK  [0m] Started Login Service.
[[0;32m  OK  [0m] Started Unattended Upgrades Shutdown.
         Starting Authenticate and Authorize Users to Run Privileged Tasks...
[[0;32m  OK  [0m] Reached target Remote File Systems (Pre).
[[0;32m  OK  [0m] Reached target Remote File Systems.
         Starting LSB: daemon to balance interrupts for SMP systems...
         Starting LSB: Set the CPU Frequency Scaling governor to "ondemand"...
         Starting Permit User Sessions...
         Starting LSB: automatic crash report generation...
[[0;32m  OK  [0m] Started LXD - container startup/shutdown.
[[0;32m  OK  [0m] Started Permit User Sessions.
[[0;32m  OK  [0m] Started Virtualbox guest utils.
[[0;32m  OK  [0m] Started Authenticate and Authorize Users to Run Privileged Tasks.
[[0;32m  OK  [0m] Started Accounts Service.
         Starting Hold until boot process finishes up...
         Starting Terminate Plymouth Boot Screen...
[[0;32m  OK  [0m] Started LSB: Set the CPU Frequency Scaling governor to "ondemand".
[[0;32m  OK  [0m] Started Hold until boot process finishes up.
[[0;32m  OK  [0m] Started Terminate Plymouth Boot Screen.
[[0;32m  OK  [0m] Started Serial Getty on ttyS0.
         Starting Set console scheme...
[[0;32m  OK  [0m] Started Getty on tty1.
[[0;32m  OK  [0m] Reached target Login Prompts.
[[0;32m  OK  [0m] Started Snappy daemon.
[[0;32m  OK  [0m] Started LSB: daemon to balance interrupts for SMP systems.
[[0;32m  OK  [0m] Started LSB: automatic crash report generation.
[[0;32m  OK  [0m] Started Set console scheme.
         Starting Wait until snapd is fully seeded...
[[0;32m  OK  [0m] Started Wait until snapd is fully seeded.
[[0;32m  OK  [0m] Reached target Multi-User System.
[[0;32m  OK  [0m] Reached target Graphical Interface.
         Starting Update UTMP about System Runlevel Changes...
         Starting Apply the settings specified in cloud-config...
[[0;32m  OK  [0m] Started Update UTMP about System Runlevel Changes.
[    8.286652] cloud-init[1254]: Cloud-init v. 19.2-36-g059d049c-0ubuntu1~16.04.1 running 'modules:config' at Sat, 12 Oct 2019 12:26:44 +0000. Up 8.22 seconds.
[[0;32m  OK  [0m] Started Apply the settings specified in cloud-config.
         Starting Execute cloud user/final scripts...
[    8.547024] cloud-init[1265]: Cloud-init v. 19.2-36-g059d049c-0ubuntu1~16.04.1 running 'modules:final' at Sat, 12 Oct 2019 12:26:44 +0000. Up 8.49 seconds.
[    8.548514] cloud-init[1265]: Cloud-init v. 19.2-36-g059d049c-0ubuntu1~16.04.1 finished at Sat, 12 Oct 2019 12:26:44 +0000. Datasource DataSourceNoCloud [seed=/dev/sdb][dsmode=net].  Up 8.54 seconds
[[0;32m  OK  [0m] Started Execute cloud user/final scripts.
[[0;32m  OK  [0m] Reached target Cloud-init target.

Ubuntu 16.04.6 LTS ubuntu-xenial ttyS0

ubuntu-xenial login: 